<?xml version="1.0" encoding="UTF-8"?>
<testsuite name="com.okestro.omok.service.UserServiceTest" tests="3" skipped="0" failures="0" errors="0" timestamp="2023-09-20T06:40:59" hostname="KimKyeongminui-MacBookPro.local" time="0.51">
  <properties/>
  <testcase name="방 인원이 초과 됐을때 실패 테스트" classname="com.okestro.omok.service.UserServiceTest" time="0.502"/>
  <testcase name="유저 방 참여 성공 테스트" classname="com.okestro.omok.service.UserServiceTest" time="0.004"/>
  <testcase name="이미 방에 참가한 유저 실패 테스트" classname="com.okestro.omok.service.UserServiceTest" time="0.002"/>
  <system-out><![CDATA[]]></system-out>
  <system-err><![CDATA[]]></system-err>
</testsuite>
