<?xml version="1.0" encoding="UTF-8"?>
<testsuite name="com.okestro.omok.OmokApplicationTests" tests="1" skipped="0" failures="0" errors="0" timestamp="2023-09-19T04:26:07" hostname="KimKyeongminui-MacBookPro.local" time="0.25">
  <properties/>
  <testcase name="contextLoads()" classname="com.okestro.omok.OmokApplicationTests" time="0.25"/>
  <system-out><![CDATA[13:26:05.987 [Test worker] INFO org.springframework.test.context.support.AnnotationConfigContextLoaderUtils -- Could not detect default configuration classes for test class [com.okestro.omok.OmokApplicationTests]: OmokApplicationTests does not declare any static, non-private, non-final, nested classes annotated with @Configuration.
13:26:06.027 [Test worker] INFO org.springframework.boot.test.context.SpringBootTestContextBootstrapper -- Found @SpringBootConfiguration com.okestro.omok.OmokApplication for test class com.okestro.omok.OmokApplicationTests

  .   ____          _            __ _ _
 /\\ / ___'_ __ _ _(_)_ __  __ _ \ \ \ \
( ( )\___ | '_ | '_| | '_ \/ _` | \ \ \ \
 \\/  ___)| |_)| | | | | || (_| |  ) ) ) )
  '  |____| .__|_| |_|_| |_\__, | / / / /
 =========|_|==============|___/=/_/_/_/
 :: Spring Boot ::                (v3.1.3)

2023-09-19T13:26:06.165+09:00  INFO 40230 --- [    Test worker] com.okestro.omok.OmokApplicationTests    : Starting OmokApplicationTests using Java 17.0.8.1 with PID 40230 (started by kimkyeongmin in /Users/kimkyeongmin/pro/okestro-team5-backend)
2023-09-19T13:26:06.166+09:00  INFO 40230 --- [    Test worker] com.okestro.omok.OmokApplicationTests    : No active profile set, falling back to 1 default profile: "default"
2023-09-19T13:26:06.468+09:00  INFO 40230 --- [    Test worker] .s.d.r.c.RepositoryConfigurationDelegate : Bootstrapping Spring Data JPA repositories in DEFAULT mode.
2023-09-19T13:26:06.508+09:00  INFO 40230 --- [    Test worker] .s.d.r.c.RepositoryConfigurationDelegate : Finished Spring Data repository scanning in 35 ms. Found 2 JPA repository interfaces.
2023-09-19T13:26:06.753+09:00  INFO 40230 --- [    Test worker] o.hibernate.jpa.internal.util.LogHelper  : HHH000204: Processing PersistenceUnitInfo [name: default]
2023-09-19T13:26:06.773+09:00  INFO 40230 --- [    Test worker] org.hibernate.Version                    : HHH000412: Hibernate ORM core version 6.2.7.Final
2023-09-19T13:26:06.774+09:00  INFO 40230 --- [    Test worker] org.hibernate.cfg.Environment            : HHH000406: Using bytecode reflection optimizer
2023-09-19T13:26:06.899+09:00  INFO 40230 --- [    Test worker] o.h.b.i.BytecodeProviderInitiator        : HHH000021: Bytecode provider name : bytebuddy
2023-09-19T13:26:07.085+09:00  INFO 40230 --- [    Test worker] o.s.o.j.p.SpringPersistenceUnitInfo      : No LoadTimeWeaver setup: ignoring JPA class transformer
2023-09-19T13:26:07.111+09:00  INFO 40230 --- [    Test worker] com.zaxxer.hikari.HikariDataSource       : HikariPool-1 - Starting...
2023-09-19T13:26:07.199+09:00  INFO 40230 --- [    Test worker] com.zaxxer.hikari.pool.HikariPool        : HikariPool-1 - Added connection com.mysql.cj.jdbc.ConnectionImpl@49190ed6
2023-09-19T13:26:07.200+09:00  INFO 40230 --- [    Test worker] com.zaxxer.hikari.HikariDataSource       : HikariPool-1 - Start completed.
2023-09-19T13:26:07.308+09:00  INFO 40230 --- [    Test worker] o.h.b.i.BytecodeProviderInitiator        : HHH000021: Bytecode provider name : bytebuddy
2023-09-19T13:26:07.562+09:00  INFO 40230 --- [    Test worker] o.h.e.t.j.p.i.JtaPlatformInitiator       : HHH000490: Using JtaPlatform implementation: [org.hibernate.engine.transaction.jta.platform.internal.NoJtaPlatform]
Hibernate: 
    alter table `room` 
       modify column `created_at`  datetime(6) not null
Hibernate: 
    alter table `room` 
       modify column `modified_at`  datetime(6) not null
Hibernate: 
    alter table `room` 
       modify column `deleted_at`  datetime(6)
Hibernate: 
    alter table `room` 
       modify column `lunch_time`  datetime(6) not null
Hibernate: 
    alter table `user` 
       modify column `created_at`  datetime(6) not null
Hibernate: 
    alter table `user` 
       modify column `modified_at`  datetime(6) not null
2023-09-19T13:26:07.618+09:00  INFO 40230 --- [    Test worker] j.LocalContainerEntityManagerFactoryBean : Initialized JPA EntityManagerFactory for persistence unit 'default'
2023-09-19T13:26:07.924+09:00  INFO 40230 --- [    Test worker] com.okestro.omok.OmokApplicationTests    : Started OmokApplicationTests in 1.85 seconds (process running for 2.365)
]]></system-out>
  <system-err><![CDATA[]]></system-err>
</testsuite>
