<?xml version="1.0" encoding="UTF-8"?>
<testsuite name="com.okestro.omok.OmokApplicationTests" tests="1" skipped="0" failures="0" errors="0" timestamp="2023-09-21T02:04:59" hostname="KimKyeongminui-MacBookPro.local" time="0.257">
  <properties/>
  <testcase name="contextLoads()" classname="com.okestro.omok.OmokApplicationTests" time="0.257"/>
  <system-out><![CDATA[11:04:57.739 [Test worker] INFO org.springframework.test.context.support.AnnotationConfigContextLoaderUtils -- Could not detect default configuration classes for test class [com.okestro.omok.OmokApplicationTests]: OmokApplicationTests does not declare any static, non-private, non-final, nested classes annotated with @Configuration.
11:04:57.774 [Test worker] INFO org.springframework.boot.test.context.SpringBootTestContextBootstrapper -- Found @SpringBootConfiguration com.okestro.omok.OmokApplication for test class com.okestro.omok.OmokApplicationTests

  .   ____          _            __ _ _
 /\\ / ___'_ __ _ _(_)_ __  __ _ \ \ \ \
( ( )\___ | '_ | '_| | '_ \/ _` | \ \ \ \
 \\/  ___)| |_)| | | | | || (_| |  ) ) ) )
  '  |____| .__|_| |_|_| |_\__, | / / / /
 =========|_|==============|___/=/_/_/_/
 :: Spring Boot ::                (v3.1.3)

2023-09-21T11:04:57.909+09:00  INFO 1889 --- [    Test worker] com.okestro.omok.OmokApplicationTests    : Starting OmokApplicationTests using Java 17.0.8.1 with PID 1889 (started by kimkyeongmin in /Users/kimkyeongmin/pro/okestro-team5-backend)
2023-09-21T11:04:57.910+09:00  INFO 1889 --- [    Test worker] com.okestro.omok.OmokApplicationTests    : The following 1 profile is active: "dev"
2023-09-21T11:04:58.156+09:00  INFO 1889 --- [    Test worker] .s.d.r.c.RepositoryConfigurationDelegate : Bootstrapping Spring Data JPA repositories in DEFAULT mode.
2023-09-21T11:04:58.182+09:00  INFO 1889 --- [    Test worker] .s.d.r.c.RepositoryConfigurationDelegate : Finished Spring Data repository scanning in 23 ms. Found 2 JPA repository interfaces.
2023-09-21T11:04:58.345+09:00  INFO 1889 --- [    Test worker] o.hibernate.jpa.internal.util.LogHelper  : HHH000204: Processing PersistenceUnitInfo [name: default]
2023-09-21T11:04:58.363+09:00  INFO 1889 --- [    Test worker] org.hibernate.Version                    : HHH000412: Hibernate ORM core version 6.2.7.Final
2023-09-21T11:04:58.364+09:00  INFO 1889 --- [    Test worker] org.hibernate.cfg.Environment            : HHH000406: Using bytecode reflection optimizer
2023-09-21T11:04:58.407+09:00  INFO 1889 --- [    Test worker] o.h.b.i.BytecodeProviderInitiator        : HHH000021: Bytecode provider name : bytebuddy
2023-09-21T11:04:58.471+09:00  INFO 1889 --- [    Test worker] o.s.o.j.p.SpringPersistenceUnitInfo      : No LoadTimeWeaver setup: ignoring JPA class transformer
2023-09-21T11:04:58.477+09:00  INFO 1889 --- [    Test worker] com.zaxxer.hikari.HikariDataSource       : HikariPool-1 - Starting...
2023-09-21T11:04:58.553+09:00  INFO 1889 --- [    Test worker] com.zaxxer.hikari.pool.HikariPool        : HikariPool-1 - Added connection com.mysql.cj.jdbc.ConnectionImpl@32e830a0
2023-09-21T11:04:58.554+09:00  INFO 1889 --- [    Test worker] com.zaxxer.hikari.HikariDataSource       : HikariPool-1 - Start completed.
2023-09-21T11:04:58.665+09:00  INFO 1889 --- [    Test worker] o.h.b.i.BytecodeProviderInitiator        : HHH000021: Bytecode provider name : bytebuddy
2023-09-21T11:04:58.910+09:00  INFO 1889 --- [    Test worker] o.h.e.t.j.p.i.JtaPlatformInitiator       : HHH000490: Using JtaPlatform implementation: [org.hibernate.engine.transaction.jta.platform.internal.NoJtaPlatform]
2023-09-21T11:04:58.911+09:00  INFO 1889 --- [    Test worker] j.LocalContainerEntityManagerFactoryBean : Initialized JPA EntityManagerFactory for persistence unit 'default'
2023-09-21T11:04:59.710+09:00  INFO 1889 --- [    Test worker] com.okestro.omok.OmokApplicationTests    : Started OmokApplicationTests in 1.889 seconds (process running for 2.283)
]]></system-out>
  <system-err><![CDATA[]]></system-err>
</testsuite>
